99.01.06 21:02 B d:\documents\haeften\science\tools\word97.jpg --> homepages.demon.co.uk /u/demon.co.uk/h/a/e/haeften/science/tools word97.jpg
99.01.06 21:02 B d:\documents\haeften\science\tools\tools.htm --> homepages.demon.co.uk /u/demon.co.uk/h/a/e/haeften/science/tools tools.htm
2000.07.03 16:42 B c:\my documents\ashley\web pages\haeften.co.uk\Haeften2000\science\tools\Fonttest.htm --> homepages.demon.co.uk /u/demon.co.uk/h/a/e/haeften/science/tools Fonttest.htm
2000.07.03 16:42 B c:\my documents\ashley\web pages\haeften.co.uk\Haeften2000\science\tools\tools.htm --> homepages.demon.co.uk /u/demon.co.uk/h/a/e/haeften/science/tools tools.htm
2000.07.03 16:43 B c:\my documents\ashley\web pages\haeften.co.uk\Haeften2000\science\tools\word97.JPG --> homepages.demon.co.uk /u/demon.co.uk/h/a/e/haeften/science/tools word97.JPG
2000.07.03 16:43 B c:\my documents\ashley\web pages\haeften.co.uk\Haeften2000\science\tools\WS_FTP.LOG --> homepages.demon.co.uk /u/demon.co.uk/h/a/e/haeften/science/tools WS_FTP.LOG
2000.10.01 12:34 B c:\my documents\ashley\web pages\haeften.co.uk\Haeften2000\science\tools\Fonttest.htm --> www.haeften.co.uk /public_html/science/tools Fonttest.htm
2000.10.01 12:34 B c:\my documents\ashley\web pages\haeften.co.uk\Haeften2000\science\tools\getacro.gif --> www.haeften.co.uk /public_html/science/tools getacro.gif
2000.10.01 12:34 B c:\my documents\ashley\web pages\haeften.co.uk\Haeften2000\science\tools\tools.htm --> www.haeften.co.uk /public_html/science/tools tools.htm
2000.10.01 12:34 B c:\my documents\ashley\web pages\haeften.co.uk\Haeften2000\science\tools\word97.JPG --> www.haeften.co.uk /public_html/science/tools word97.JPG
2000.10.01 12:34 B c:\my documents\ashley\web pages\haeften.co.uk\Haeften2000\science\tools\WS_FTP.LOG --> www.haeften.co.uk /public_html/science/tools WS_FTP.LOG
2000.10.22 13:25 B C:\My Documents\Ashley\Web Pages\haeften.co.uk\Haeften2000\science\tools\Fonttest.htm --> uploads.webspace.freeserve.net /science/tools Fonttest.htm
2000.10.22 13:25 B C:\My Documents\Ashley\Web Pages\haeften.co.uk\Haeften2000\science\tools\getacro.gif --> uploads.webspace.freeserve.net /science/tools getacro.gif
2000.10.22 13:25 B C:\My Documents\Ashley\Web Pages\haeften.co.uk\Haeften2000\science\tools\tools.htm --> uploads.webspace.freeserve.net /science/tools tools.htm
2000.10.22 13:25 B C:\My Documents\Ashley\Web Pages\haeften.co.uk\Haeften2000\science\tools\word97.JPG --> uploads.webspace.freeserve.net /science/tools word97.JPG
2000.10.22 13:25 B C:\My Documents\Ashley\Web Pages\haeften.co.uk\Haeften2000\science\tools\WS_FTP.LOG --> uploads.webspace.freeserve.net /science/tools WS_FTP.LOG
2000.10.22 14:36 B C:\My Documents\Ashley\Web Pages\haeften.co.uk\Haeften2000\science\tools\tools.htm --> uploads.webspace.freeserve.net /science/tools tools.htm
2000.10.22 22:54 B C:\My Documents\Ashley\Web Pages\haeften.co.uk\Haeften2000\science\tools\WS_FTP.LOG --> uploads.webspace.freeserve.net /science/tools WS_FTP.LOG
2001.11.01 18:07 A C:\My Documents\Ashley\Web Pages\haeften.co.uk\haeften.freeserve.co.uk\science\tools\tools.htm --> uploads.webspace.freeserve.net /science/tools tools.htm
2001.11.01 18:12 A C:\My Documents\Ashley\Web Pages\haeften.co.uk\haeften.freeserve.co.uk\science\tools\tools.htm --> uploads.webspace.freeserve.net /science/tools tools.htm
2001.11.01 18:13 A C:\My Documents\Ashley\Web Pages\haeften.co.uk\haeften.freeserve.co.uk\science\tools\tools.htm --> uploads.webspace.freeserve.net /science/tools tools.htm
2001.11.01 18:17 A C:\My Documents\Ashley\Web Pages\haeften.co.uk\haeften.freeserve.co.uk\science\tools\tools.htm --> uploads.webspace.freeserve.net /science/tools tools.htm
