2000.11.28 23:24 B p:\my documents\ashley\web pages\roman-empire\Slavery\Essay Questions 2000-01.htm --> www.users.freenetname.co.uk /public_html/Slavery Essay Questions 2000-01.htm
2000.11.28 23:24 B p:\my documents\ashley\web pages\roman-empire\Slavery\H4169 intro.htm --> www.users.freenetname.co.uk /public_html/Slavery H4169 intro.htm
2000.11.28 23:25 B p:\my documents\ashley\web pages\roman-empire\Slavery\Week 10 Coursenotes.htm --> www.users.freenetname.co.uk /public_html/Slavery Week 10 Coursenotes.htm
2000.11.28 23:25 B p:\my documents\ashley\web pages\roman-empire\Slavery\Week 2 Coursenotes.htm --> www.users.freenetname.co.uk /public_html/Slavery Week 2 Coursenotes.htm
2000.11.28 23:25 B p:\my documents\ashley\web pages\roman-empire\Slavery\Week 3 Coursenotes.htm --> www.users.freenetname.co.uk /public_html/Slavery Week 3 Coursenotes.htm
2000.11.28 23:25 B p:\my documents\ashley\web pages\roman-empire\Slavery\Week 4 Coursenotes.htm --> www.users.freenetname.co.uk /public_html/Slavery Week 4 Coursenotes.htm
2000.11.28 23:25 B p:\my documents\ashley\web pages\roman-empire\Slavery\Week 5 Coursenotes.htm --> www.users.freenetname.co.uk /public_html/Slavery Week 5 Coursenotes.htm
2000.11.28 23:25 B p:\my documents\ashley\web pages\roman-empire\Slavery\Week 6 Coursenotes.htm --> www.users.freenetname.co.uk /public_html/Slavery Week 6 Coursenotes.htm
2000.11.28 23:25 B p:\my documents\ashley\web pages\roman-empire\Slavery\Week 7 Coursenotes.htm --> www.users.freenetname.co.uk /public_html/Slavery Week 7 Coursenotes.htm
2000.11.28 23:25 B p:\my documents\ashley\web pages\roman-empire\Slavery\Week 8 Coursenotes.htm --> www.users.freenetname.co.uk /public_html/Slavery Week 8 Coursenotes.htm
2000.11.28 23:25 B p:\my documents\ashley\web pages\roman-empire\Slavery\Week 9 Coursenotes.htm --> www.users.freenetname.co.uk /public_html/Slavery Week 9 Coursenotes.htm
2000.12.07 10:31 B p:\my documents\ashley\web pages\roman-empire\Slavery\week01.htm --> www.users.freenetname.co.uk /public_html/Slavery week01.htm
2000.12.07 10:31 B p:\my documents\ashley\web pages\roman-empire\Slavery\week02.htm --> www.users.freenetname.co.uk /public_html/Slavery week02.htm
2000.12.07 10:31 B p:\my documents\ashley\web pages\roman-empire\Slavery\week03.htm --> www.users.freenetname.co.uk /public_html/Slavery week03.htm
2000.12.07 10:31 B p:\my documents\ashley\web pages\roman-empire\Slavery\week04.htm --> www.users.freenetname.co.uk /public_html/Slavery week04.htm
2000.12.07 10:31 B p:\my documents\ashley\web pages\roman-empire\Slavery\week05.htm --> www.users.freenetname.co.uk /public_html/Slavery week05.htm
2000.12.07 10:31 B p:\my documents\ashley\web pages\roman-empire\Slavery\week06.htm --> www.users.freenetname.co.uk /public_html/Slavery week06.htm
2000.12.07 10:31 B p:\my documents\ashley\web pages\roman-empire\Slavery\week07.htm --> www.users.freenetname.co.uk /public_html/Slavery week07.htm
2000.12.07 10:31 B p:\my documents\ashley\web pages\roman-empire\Slavery\week08.htm --> www.users.freenetname.co.uk /public_html/Slavery week08.htm
2000.12.07 10:32 B p:\my documents\ashley\web pages\roman-empire\Slavery\week09.htm --> www.users.freenetname.co.uk /public_html/Slavery week09.htm
2000.12.07 10:32 B p:\my documents\ashley\web pages\roman-empire\Slavery\week10.htm --> www.users.freenetname.co.uk /public_html/Slavery week10.htm
2000.12.07 10:32 B p:\my documents\ashley\web pages\roman-empire\Slavery\WS_FTP.LOG --> www.users.freenetname.co.uk /public_html/Slavery WS_FTP.LOG
2000.12.07 10:33 B p:\my documents\ashley\web pages\roman-empire\Slavery\Essay Questions 2000-01.htm --> www.users.freenetname.co.uk /public_html/Slavery Essay Questions 2000-01.htm
2001.01.11 10:18 B p:\my documents\ashley\web pages\roman-empire\Slavery\week01.htm --> www.users.freenetname.co.uk /public_html/Slavery week01.htm
2001.01.11 10:18 B p:\my documents\ashley\web pages\roman-empire\Slavery\week02.htm --> www.users.freenetname.co.uk /public_html/Slavery week02.htm
2001.01.11 10:18 B p:\my documents\ashley\web pages\roman-empire\Slavery\week03.htm --> www.users.freenetname.co.uk /public_html/Slavery week03.htm
2001.01.11 10:18 B p:\my documents\ashley\web pages\roman-empire\Slavery\week04.htm --> www.users.freenetname.co.uk /public_html/Slavery week04.htm
2001.01.11 10:18 B p:\my documents\ashley\web pages\roman-empire\Slavery\week05.htm --> www.users.freenetname.co.uk /public_html/Slavery week05.htm
2001.01.11 10:18 B p:\my documents\ashley\web pages\roman-empire\Slavery\week06.htm --> www.users.freenetname.co.uk /public_html/Slavery week06.htm
2001.01.11 10:18 B p:\my documents\ashley\web pages\roman-empire\Slavery\week07.htm --> www.users.freenetname.co.uk /public_html/Slavery week07.htm
2001.01.11 10:18 B p:\my documents\ashley\web pages\roman-empire\Slavery\week08.htm --> www.users.freenetname.co.uk /public_html/Slavery week08.htm
2001.01.11 10:18 B p:\my documents\ashley\web pages\roman-empire\Slavery\week09.htm --> www.users.freenetname.co.uk /public_html/Slavery week09.htm
2001.01.11 10:18 B p:\my documents\ashley\web pages\roman-empire\Slavery\week10.htm --> www.users.freenetname.co.uk /public_html/Slavery week10.htm
2001.01.11 10:18 B p:\my documents\ashley\web pages\roman-empire\Slavery\WS_FTP.LOG --> www.users.freenetname.co.uk /public_html/Slavery WS_FTP.LOG
2001.10.02 14:32 A p:\my documents\ashley\web pages\roman-empire\Slavery\week01.htm --> www.users.freenetname.co.uk /public_html/Slavery week01.htm
2001.10.02 14:32 A p:\my documents\ashley\web pages\roman-empire\Slavery\week02.htm --> www.users.freenetname.co.uk /public_html/Slavery week02.htm
2001.10.02 14:32 A p:\my documents\ashley\web pages\roman-empire\Slavery\week03.htm --> www.users.freenetname.co.uk /public_html/Slavery week03.htm
2001.10.02 14:32 A p:\my documents\ashley\web pages\roman-empire\Slavery\week04.htm --> www.users.freenetname.co.uk /public_html/Slavery week04.htm
2001.10.02 14:32 A p:\my documents\ashley\web pages\roman-empire\Slavery\week05.htm --> www.users.freenetname.co.uk /public_html/Slavery week05.htm
2001.10.02 14:32 A p:\my documents\ashley\web pages\roman-empire\Slavery\week06.htm --> www.users.freenetname.co.uk /public_html/Slavery week06.htm
2001.10.02 14:32 A p:\my documents\ashley\web pages\roman-empire\Slavery\week07.htm --> www.users.freenetname.co.uk /public_html/Slavery week07.htm
2001.10.02 14:32 A p:\my documents\ashley\web pages\roman-empire\Slavery\week08.htm --> www.users.freenetname.co.uk /public_html/Slavery week08.htm
2001.10.02 14:32 A p:\my documents\ashley\web pages\roman-empire\Slavery\week09.htm --> www.users.freenetname.co.uk /public_html/Slavery week09.htm
2001.10.02 14:32 A p:\my documents\ashley\web pages\roman-empire\Slavery\week10.htm --> www.users.freenetname.co.uk /public_html/Slavery week10.htm
2001.11.15 14:48 A p:\my documents\ashley\web pages\roman-empire\Slavery\bibliography2001.htm --> www.users.freenetname.co.uk /public_html/Slavery bibliography2001.htm
2001.11.15 14:48 A p:\my documents\ashley\web pages\roman-empire\Slavery\Essay Qs 2001-2.htm --> www.users.freenetname.co.uk /public_html/Slavery Essay Qs 2001-2.htm
2001.11.15 14:48 A p:\my documents\ashley\web pages\roman-empire\Slavery\Essay Questions 2000-01.htm --> www.users.freenetname.co.uk /public_html/Slavery Essay Questions 2000-01.htm
2001.11.15 14:49 A p:\my documents\ashley\web pages\roman-empire\Slavery\slavery_bibliography.htm --> www.users.freenetname.co.uk /public_html/Slavery slavery_bibliography.htm
2001.11.15 14:49 A p:\my documents\ashley\web pages\roman-empire\Slavery\week01.htm --> www.users.freenetname.co.uk /public_html/Slavery week01.htm
2001.11.15 14:49 A p:\my documents\ashley\web pages\roman-empire\Slavery\week04.htm --> www.users.freenetname.co.uk /public_html/Slavery week04.htm
2001.11.15 14:49 A p:\my documents\ashley\web pages\roman-empire\Slavery\week05.htm --> www.users.freenetname.co.uk /public_html/Slavery week05.htm
2001.11.15 14:49 A p:\my documents\ashley\web pages\roman-empire\Slavery\week06.htm --> www.users.freenetname.co.uk /public_html/Slavery week06.htm
2001.11.15 14:49 A p:\my documents\ashley\web pages\roman-empire\Slavery\week09.htm --> www.users.freenetname.co.uk /public_html/Slavery week09.htm
2001.11.15 14:49 A p:\my documents\ashley\web pages\roman-empire\Slavery\WS_FTP.LOG --> www.users.freenetname.co.uk /public_html/Slavery WS_FTP.LOG
2002.01.07 00:03 A P:\My Documents\Web\roman-empire\Slavery\week01.htm --> www.users.freenetname.co.uk /public_html/Slavery week01.htm
2002.01.07 00:03 A P:\My Documents\Web\roman-empire\Slavery\week02.htm --> www.users.freenetname.co.uk /public_html/Slavery week02.htm
2002.01.07 00:04 A P:\My Documents\Web\roman-empire\Slavery\week03.htm --> www.users.freenetname.co.uk /public_html/Slavery week03.htm
2002.01.07 00:04 A P:\My Documents\Web\roman-empire\Slavery\week04.htm --> www.users.freenetname.co.uk /public_html/Slavery week04.htm
2002.01.07 00:04 A P:\My Documents\Web\roman-empire\Slavery\week05.htm --> www.users.freenetname.co.uk /public_html/Slavery week05.htm
2002.01.07 00:04 A P:\My Documents\Web\roman-empire\Slavery\week06.htm --> www.users.freenetname.co.uk /public_html/Slavery week06.htm
2002.01.07 00:04 A P:\My Documents\Web\roman-empire\Slavery\week07.htm --> www.users.freenetname.co.uk /public_html/Slavery week07.htm
2002.01.07 00:04 A P:\My Documents\Web\roman-empire\Slavery\week08.htm --> www.users.freenetname.co.uk /public_html/Slavery week08.htm
2002.01.07 00:04 A P:\My Documents\Web\roman-empire\Slavery\week09.htm --> www.users.freenetname.co.uk /public_html/Slavery week09.htm
2002.01.07 00:04 A P:\My Documents\Web\roman-empire\Slavery\week10.htm --> www.users.freenetname.co.uk /public_html/Slavery week10.htm
2002.01.07 00:04 A P:\My Documents\Web\roman-empire\Slavery\bibliography2001.htm --> www.users.freenetname.co.uk /public_html/Slavery bibliography2001.htm
2002.01.07 22:50 A P:\My Documents\Web\roman-empire\Slavery\week01.htm --> www.users.freenetname.co.uk /public_html/Slavery week01.htm
2002.01.31 12:57 A P:\My Documents\Web\roman-empire\Slavery\bibliography2001.htm --> www.users.freenetname.co.uk /public_html/Slavery bibliography2001.htm
2006.10.21 13:29 B C:\Documents\Simon\Classics\roman-empire\Slavery\bibliography2001.htm --> www.romanempire.talktalk.net /Slavery bibliography2001.htm
2006.10.21 13:29 B C:\Documents\Simon\Classics\roman-empire\Slavery\bibliography2004.htm --> www.romanempire.talktalk.net /Slavery bibliography2004.htm
2006.10.21 13:29 B C:\Documents\Simon\Classics\roman-empire\Slavery\bibliography2006.htm --> www.romanempire.talktalk.net /Slavery bibliography2006.htm
2006.10.21 13:29 B C:\Documents\Simon\Classics\roman-empire\Slavery\definitions.htm --> www.romanempire.talktalk.net /Slavery definitions.htm
2006.10.21 13:29 B C:\Documents\Simon\Classics\roman-empire\Slavery\Essay Qs 2001-2.htm --> www.romanempire.talktalk.net /Slavery Essay Qs 2001-2.htm
2006.10.21 13:29 B C:\Documents\Simon\Classics\roman-empire\Slavery\Essay Questions 2000-01.htm --> www.romanempire.talktalk.net /Slavery Essay Questions 2000-01.htm
2006.10.21 13:29 B C:\Documents\Simon\Classics\roman-empire\Slavery\GkLatSlaveWords.htm --> www.romanempire.talktalk.net /Slavery GkLatSlaveWords.htm
2006.10.21 13:29 B C:\Documents\Simon\Classics\roman-empire\Slavery\guesstimates.htm --> www.romanempire.talktalk.net /Slavery guesstimates.htm
2006.10.21 13:29 B C:\Documents\Simon\Classics\roman-empire\Slavery\jerome.htm --> www.romanempire.talktalk.net /Slavery jerome.htm
2006.10.21 13:29 B C:\Documents\Simon\Classics\roman-empire\Slavery\PricesValues.htm --> www.romanempire.talktalk.net /Slavery PricesValues.htm
2006.10.21 13:30 B C:\Documents\Simon\Classics\roman-empire\Slavery\slavery_bibliography.htm --> www.romanempire.talktalk.net /Slavery slavery_bibliography.htm
2006.10.21 13:30 B C:\Documents\Simon\Classics\roman-empire\Slavery\week01.htm --> www.romanempire.talktalk.net /Slavery week01.htm
2006.10.21 13:30 B C:\Documents\Simon\Classics\roman-empire\Slavery\week02.htm --> www.romanempire.talktalk.net /Slavery week02.htm
2006.10.21 13:30 B C:\Documents\Simon\Classics\roman-empire\Slavery\week03.htm --> www.romanempire.talktalk.net /Slavery week03.htm
2006.10.21 13:30 B C:\Documents\Simon\Classics\roman-empire\Slavery\week04.htm --> www.romanempire.talktalk.net /Slavery week04.htm
2006.10.21 13:30 B C:\Documents\Simon\Classics\roman-empire\Slavery\week05.htm --> www.romanempire.talktalk.net /Slavery week05.htm
2006.10.21 13:30 B C:\Documents\Simon\Classics\roman-empire\Slavery\week06.htm --> www.romanempire.talktalk.net /Slavery week06.htm
2006.10.21 13:30 B C:\Documents\Simon\Classics\roman-empire\Slavery\week07.htm --> www.romanempire.talktalk.net /Slavery week07.htm
2006.10.21 13:30 B C:\Documents\Simon\Classics\roman-empire\Slavery\week08.htm --> www.romanempire.talktalk.net /Slavery week08.htm
2006.10.21 13:30 B C:\Documents\Simon\Classics\roman-empire\Slavery\week09.htm --> www.romanempire.talktalk.net /Slavery week09.htm
2006.10.21 13:30 B C:\Documents\Simon\Classics\roman-empire\Slavery\week10.htm --> www.romanempire.talktalk.net /Slavery week10.htm
