2001.11.15 20:20 B p:\my documents\ashley\web pages\roman-empire\gallery_files\mosaic.jpg --> www.users.freenetname.co.uk /public_html/gallery_files mosaic.jpg
2001.11.16 11:52 B p:\my documents\ashley\web pages\roman-empire\gallery_files\z_margam01.jpg --> www.users.freenetname.co.uk /public_html/gallery_files z_margam01.jpg
2002.03.09 22:56 B P:\My Documents\Web\roman-empire\gallery_files\z_brecon01.jpg --> www.users.freenetname.co.uk /public_html/gallery_files z_brecon01.jpg
2002.03.09 22:56 B P:\My Documents\Web\roman-empire\gallery_files\z_brecon02.jpg --> www.users.freenetname.co.uk /public_html/gallery_files z_brecon02.jpg
2002.03.09 22:56 B P:\My Documents\Web\roman-empire\gallery_files\z_caergybi01.jpg --> www.users.freenetname.co.uk /public_html/gallery_files z_caergybi01.jpg
2002.03.09 22:56 B P:\My Documents\Web\roman-empire\gallery_files\z_caergybi02.jpg --> www.users.freenetname.co.uk /public_html/gallery_files z_caergybi02.jpg
2002.03.09 22:56 B P:\My Documents\Web\roman-empire\gallery_files\z_caerleon01.jpg --> www.users.freenetname.co.uk /public_html/gallery_files z_caerleon01.jpg
2002.03.09 22:56 B P:\My Documents\Web\roman-empire\gallery_files\z_caerleon02.jpg --> www.users.freenetname.co.uk /public_html/gallery_files z_caerleon02.jpg
2002.03.09 22:56 B P:\My Documents\Web\roman-empire\gallery_files\z_caerleon03.jpg --> www.users.freenetname.co.uk /public_html/gallery_files z_caerleon03.jpg
2002.03.09 22:56 B P:\My Documents\Web\roman-empire\gallery_files\z_caerwent01.jpg --> www.users.freenetname.co.uk /public_html/gallery_files z_caerwent01.jpg
2002.03.09 22:56 B P:\My Documents\Web\roman-empire\gallery_files\z_caerwent02.jpg --> www.users.freenetname.co.uk /public_html/gallery_files z_caerwent02.jpg
2002.03.09 22:56 B P:\My Documents\Web\roman-empire\gallery_files\z_cardiff01.jpg --> www.users.freenetname.co.uk /public_html/gallery_files z_cardiff01.jpg
2002.03.09 22:56 B P:\My Documents\Web\roman-empire\gallery_files\z_cardiff02.jpg --> www.users.freenetname.co.uk /public_html/gallery_files z_cardiff02.jpg
2002.03.09 22:56 B P:\My Documents\Web\roman-empire\gallery_files\z_carmarthen01.jpg --> www.users.freenetname.co.uk /public_html/gallery_files z_carmarthen01.jpg
2002.03.09 22:56 B P:\My Documents\Web\roman-empire\gallery_files\z_image004.jpg --> www.users.freenetname.co.uk /public_html/gallery_files z_image004.jpg
2002.03.09 22:56 B P:\My Documents\Web\roman-empire\gallery_files\z_margam01.jpg --> www.users.freenetname.co.uk /public_html/gallery_files z_margam01.jpg
2002.03.09 22:56 B P:\My Documents\Web\roman-empire\gallery_files\z_richborough01.jpg --> www.users.freenetname.co.uk /public_html/gallery_files z_richborough01.jpg
2002.03.09 22:57 B P:\My Documents\Web\roman-empire\gallery_files\z_richborough02.jpg --> www.users.freenetname.co.uk /public_html/gallery_files z_richborough02.jpg
2002.03.09 22:57 B P:\My Documents\Web\roman-empire\gallery_files\z_segontium01.jpg --> www.users.freenetname.co.uk /public_html/gallery_files z_segontium01.jpg
2002.03.09 22:57 B P:\My Documents\Web\roman-empire\gallery_files\z_sthilary01.jpg --> www.users.freenetname.co.uk /public_html/gallery_files z_sthilary01.jpg
2002.03.09 22:57 B P:\My Documents\Web\roman-empire\gallery_files\z_tomenymur01.jpg --> www.users.freenetname.co.uk /public_html/gallery_files z_tomenymur01.jpg
2002.03.10 22:51 B P:\My Documents\Web\roman-empire\gallery_files\z_wp_brecon01.jpg --> www.users.freenetname.co.uk /public_html/gallery_files z_wp_brecon01.jpg
2002.03.10 22:51 B P:\My Documents\Web\roman-empire\gallery_files\z_wp_british_library.jpg --> www.users.freenetname.co.uk /public_html/gallery_files z_wp_british_library.jpg
2002.03.10 22:51 B P:\My Documents\Web\roman-empire\gallery_files\z_wp_dragon_fly.jpg --> www.users.freenetname.co.uk /public_html/gallery_files z_wp_dragon_fly.jpg
2002.03.10 22:51 B P:\My Documents\Web\roman-empire\gallery_files\z_wp_mosaic1.jpg --> www.users.freenetname.co.uk /public_html/gallery_files z_wp_mosaic1.jpg
2002.03.10 22:51 B P:\My Documents\Web\roman-empire\gallery_files\z_wp_mosaic2.jpg --> www.users.freenetname.co.uk /public_html/gallery_files z_wp_mosaic2.jpg
2002.03.10 22:52 B P:\My Documents\Web\roman-empire\gallery_files\wp_brecon01.jpg --> www.users.freenetname.co.uk /public_html/gallery_files wp_brecon01.jpg
2002.03.10 22:53 B P:\My Documents\Web\roman-empire\gallery_files\wp_british_library.JPG --> www.users.freenetname.co.uk /public_html/gallery_files wp_british_library.JPG
2002.03.10 22:54 B P:\My Documents\Web\roman-empire\gallery_files\wp_dragon_fly.jpg --> www.users.freenetname.co.uk /public_html/gallery_files wp_dragon_fly.jpg
2002.03.10 22:55 B P:\My Documents\Web\roman-empire\gallery_files\wp_mosaic1.jpg --> www.users.freenetname.co.uk /public_html/gallery_files wp_mosaic1.jpg
2002.03.10 22:56 B P:\My Documents\Web\roman-empire\gallery_files\wp_mosaic2.jpg --> www.users.freenetname.co.uk /public_html/gallery_files wp_mosaic2.jpg
2006.10.21 13:23 B C:\Documents\Simon\Classics\roman-empire\gallery_files\brecon01.jpg --> www.romanempire.talktalk.net /gallery_files brecon01.jpg
2006.10.21 13:23 B C:\Documents\Simon\Classics\roman-empire\gallery_files\brecon02.jpg --> www.romanempire.talktalk.net /gallery_files brecon02.jpg
2006.10.21 13:23 B C:\Documents\Simon\Classics\roman-empire\gallery_files\caergybi01.jpg --> www.romanempire.talktalk.net /gallery_files caergybi01.jpg
2006.10.21 13:23 B C:\Documents\Simon\Classics\roman-empire\gallery_files\caergybi02.jpg --> www.romanempire.talktalk.net /gallery_files caergybi02.jpg
2006.10.21 13:23 B C:\Documents\Simon\Classics\roman-empire\gallery_files\caerleon01.jpg --> www.romanempire.talktalk.net /gallery_files caerleon01.jpg
2006.10.21 13:23 B C:\Documents\Simon\Classics\roman-empire\gallery_files\caerleon02.jpg --> www.romanempire.talktalk.net /gallery_files caerleon02.jpg
2006.10.21 13:23 B C:\Documents\Simon\Classics\roman-empire\gallery_files\caerleon03.jpg --> www.romanempire.talktalk.net /gallery_files caerleon03.jpg
2006.10.21 13:23 B C:\Documents\Simon\Classics\roman-empire\gallery_files\caerwent01.jpg --> www.romanempire.talktalk.net /gallery_files caerwent01.jpg
2006.10.21 13:23 B C:\Documents\Simon\Classics\roman-empire\gallery_files\caerwent02.jpg --> www.romanempire.talktalk.net /gallery_files caerwent02.jpg
2006.10.21 13:23 B C:\Documents\Simon\Classics\roman-empire\gallery_files\cardiff01.jpg --> www.romanempire.talktalk.net /gallery_files cardiff01.jpg
2006.10.21 13:23 B C:\Documents\Simon\Classics\roman-empire\gallery_files\cardiff02.jpg --> www.romanempire.talktalk.net /gallery_files cardiff02.jpg
2006.10.21 13:23 B C:\Documents\Simon\Classics\roman-empire\gallery_files\carmarthen01.jpg --> www.romanempire.talktalk.net /gallery_files carmarthen01.jpg
2006.10.21 13:23 B C:\Documents\Simon\Classics\roman-empire\gallery_files\filelist.xml --> www.romanempire.talktalk.net /gallery_files filelist.xml
2006.10.21 13:23 B C:\Documents\Simon\Classics\roman-empire\gallery_files\image001.jpg --> www.romanempire.talktalk.net /gallery_files image001.jpg
2006.10.21 13:23 B C:\Documents\Simon\Classics\roman-empire\gallery_files\image002.jpg --> www.romanempire.talktalk.net /gallery_files image002.jpg
2006.10.21 13:23 B C:\Documents\Simon\Classics\roman-empire\gallery_files\image003.jpg --> www.romanempire.talktalk.net /gallery_files image003.jpg
2006.10.21 13:23 B C:\Documents\Simon\Classics\roman-empire\gallery_files\image004.jpg --> www.romanempire.talktalk.net /gallery_files image004.jpg
2006.10.21 13:23 B C:\Documents\Simon\Classics\roman-empire\gallery_files\map.gif --> www.romanempire.talktalk.net /gallery_files map.gif
2006.10.21 13:23 B C:\Documents\Simon\Classics\roman-empire\gallery_files\margam01.jpg --> www.romanempire.talktalk.net /gallery_files margam01.jpg
2006.10.21 13:23 B C:\Documents\Simon\Classics\roman-empire\gallery_files\mosaic.jpg --> www.romanempire.talktalk.net /gallery_files mosaic.jpg
2006.10.21 13:23 B C:\Documents\Simon\Classics\roman-empire\gallery_files\mosaic02.jpg --> www.romanempire.talktalk.net /gallery_files mosaic02.jpg
2006.10.21 13:23 B C:\Documents\Simon\Classics\roman-empire\gallery_files\olaudah01.jpg --> www.romanempire.talktalk.net /gallery_files olaudah01.jpg
2006.10.21 13:23 B C:\Documents\Simon\Classics\roman-empire\gallery_files\richborough01.jpg --> www.romanempire.talktalk.net /gallery_files richborough01.jpg
2006.10.21 13:23 B C:\Documents\Simon\Classics\roman-empire\gallery_files\richborough02.jpg --> www.romanempire.talktalk.net /gallery_files richborough02.jpg
2006.10.21 13:23 B C:\Documents\Simon\Classics\roman-empire\gallery_files\segontium01.JPG --> www.romanempire.talktalk.net /gallery_files segontium01.JPG
2006.10.21 13:23 B C:\Documents\Simon\Classics\roman-empire\gallery_files\sthilary01.jpg --> www.romanempire.talktalk.net /gallery_files sthilary01.jpg
2006.10.21 13:23 B C:\Documents\Simon\Classics\roman-empire\gallery_files\tomenymur01.jpg --> www.romanempire.talktalk.net /gallery_files tomenymur01.jpg
2006.10.21 13:23 B C:\Documents\Simon\Classics\roman-empire\gallery_files\wp_brecon01.jpg --> www.romanempire.talktalk.net /gallery_files wp_brecon01.jpg
2006.10.21 13:24 B C:\Documents\Simon\Classics\roman-empire\gallery_files\wp_british_library.JPG --> www.romanempire.talktalk.net /gallery_files wp_british_library.JPG
2006.10.21 13:24 B C:\Documents\Simon\Classics\roman-empire\gallery_files\wp_dragon_fly.jpg --> www.romanempire.talktalk.net /gallery_files wp_dragon_fly.jpg
2006.10.21 13:24 B C:\Documents\Simon\Classics\roman-empire\gallery_files\wp_mosaic1.jpg --> www.romanempire.talktalk.net /gallery_files wp_mosaic1.jpg
2006.10.21 13:24 B C:\Documents\Simon\Classics\roman-empire\gallery_files\wp_mosaic2.jpg --> www.romanempire.talktalk.net /gallery_files wp_mosaic2.jpg
