2000.04.06 12:12 B c:\documents\Web Pages\webtest\book_files\book-bg.jpg --> www.users.freenetname.co.uk /public_html/book_files book-bg.jpg
2000.04.06 12:12 B c:\documents\Web Pages\webtest\book_files\book.jpg --> www.users.freenetname.co.uk /public_html/book_files book.jpg
2000.04.06 12:12 B c:\documents\Web Pages\webtest\book_files\dust.htm --> www.users.freenetname.co.uk /public_html/book_files dust.htm
2000.04.06 12:12 B c:\documents\Web Pages\webtest\book_files\filelist.xml --> www.users.freenetname.co.uk /public_html/book_files filelist.xml
2000.04.06 12:12 B c:\documents\Web Pages\webtest\book_files\image001.jpg --> www.users.freenetname.co.uk /public_html/book_files image001.jpg
2000.04.06 12:12 B c:\documents\Web Pages\webtest\book_files\image002.jpg --> www.users.freenetname.co.uk /public_html/book_files image002.jpg
2000.04.06 12:12 B c:\documents\Web Pages\webtest\book_files\image003.wmz --> www.users.freenetname.co.uk /public_html/book_files image003.wmz
2000.04.06 12:12 B c:\documents\Web Pages\webtest\book_files\image004.gif --> www.users.freenetname.co.uk /public_html/book_files image004.gif
2000.04.06 12:12 B c:\documents\Web Pages\webtest\book_files\image005.wmz --> www.users.freenetname.co.uk /public_html/book_files image005.wmz
2000.04.06 12:12 B c:\documents\Web Pages\webtest\book_files\image006.gif --> www.users.freenetname.co.uk /public_html/book_files image006.gif
2000.04.06 12:12 B c:\documents\Web Pages\webtest\book_files\image007.gif --> www.users.freenetname.co.uk /public_html/book_files image007.gif
2000.04.06 12:12 B c:\documents\Web Pages\webtest\book_files\oledata.mso --> www.users.freenetname.co.uk /public_html/book_files oledata.mso
2000.04.08 12:36 B c:\documents\Web Pages\roman-empire\book_files\image001.jpg --> www.users.freenetname.co.uk /public_html/book_files image001.jpg
2000.04.08 12:36 B c:\documents\Web Pages\roman-empire\book_files\image002.jpg --> www.users.freenetname.co.uk /public_html/book_files image002.jpg
2000.04.08 12:36 B c:\documents\Web Pages\roman-empire\book_files\image003.wmz --> www.users.freenetname.co.uk /public_html/book_files image003.wmz
2000.04.08 12:36 B c:\documents\Web Pages\roman-empire\book_files\image004.gif --> www.users.freenetname.co.uk /public_html/book_files image004.gif
2000.04.08 12:36 B c:\documents\Web Pages\roman-empire\book_files\image005.wmz --> www.users.freenetname.co.uk /public_html/book_files image005.wmz
2000.04.08 12:36 B c:\documents\Web Pages\roman-empire\book_files\image006.gif --> www.users.freenetname.co.uk /public_html/book_files image006.gif
2000.04.08 12:36 B c:\documents\Web Pages\roman-empire\book_files\image007.gif --> www.users.freenetname.co.uk /public_html/book_files image007.gif
2000.04.08 12:36 B c:\documents\Web Pages\roman-empire\book_files\image008.gif --> www.users.freenetname.co.uk /public_html/book_files image008.gif
2000.04.08 12:36 B c:\documents\Web Pages\roman-empire\book_files\zplinth2.jpg --> www.users.freenetname.co.uk /public_html/book_files zplinth2.jpg
2000.07.06 21:59 B P:\My Documents\Ashley\Web Pages\roman-empire\book_files\filelist.xml --> www.users.freenetname.co.uk /public_html/book_files filelist.xml
2000.07.06 22:03 B p:\My Documents\Ashley\Web Pages\roman-empire\book_files\oledata.mso --> www.users.freenetname.co.uk /public_html/book_files oledata.mso
2000.07.06 22:03 B p:\My Documents\Ashley\Web Pages\roman-empire\book_files\WS_FTP.LOG --> www.users.freenetname.co.uk /public_html/book_files WS_FTP.LOG
2000.07.09 18:57 B p:\my documents\ashley\web pages\roman-empire\book_files\WS_FTP.LOG --> www.users.freenetname.co.uk /public_html/book_files WS_FTP.LOG
2006.10.21 14:02 B C:\Documents\Simon\Classics\roman-empire\book_files\book-bg.jpg --> www.romanempire.talktalk.net /book_files book-bg.jpg
2006.10.21 14:02 B C:\Documents\Simon\Classics\roman-empire\book_files\book.jpg --> www.romanempire.talktalk.net /book_files book.jpg
2006.10.21 14:02 B C:\Documents\Simon\Classics\roman-empire\book_files\dust.htm --> www.romanempire.talktalk.net /book_files dust.htm
2006.10.21 14:02 B C:\Documents\Simon\Classics\roman-empire\book_files\filelist.xml --> www.romanempire.talktalk.net /book_files filelist.xml
2006.10.21 14:02 B C:\Documents\Simon\Classics\roman-empire\book_files\image001.jpg --> www.romanempire.talktalk.net /book_files image001.jpg
2006.10.21 14:02 B C:\Documents\Simon\Classics\roman-empire\book_files\image002.jpg --> www.romanempire.talktalk.net /book_files image002.jpg
2006.10.21 14:02 B C:\Documents\Simon\Classics\roman-empire\book_files\image003.wmz --> www.romanempire.talktalk.net /book_files image003.wmz
2006.10.21 14:02 B C:\Documents\Simon\Classics\roman-empire\book_files\image004.gif --> www.romanempire.talktalk.net /book_files image004.gif
2006.10.21 14:02 B C:\Documents\Simon\Classics\roman-empire\book_files\image005.wmz --> www.romanempire.talktalk.net /book_files image005.wmz
2006.10.21 14:02 B C:\Documents\Simon\Classics\roman-empire\book_files\image006.gif --> www.romanempire.talktalk.net /book_files image006.gif
2006.10.21 14:02 B C:\Documents\Simon\Classics\roman-empire\book_files\image007.gif --> www.romanempire.talktalk.net /book_files image007.gif
2006.10.21 14:02 B C:\Documents\Simon\Classics\roman-empire\book_files\image008.gif --> www.romanempire.talktalk.net /book_files image008.gif
2006.10.21 14:02 B C:\Documents\Simon\Classics\roman-empire\book_files\oledata.mso --> www.romanempire.talktalk.net /book_files oledata.mso
