1999.10.23 22:39 B e:\documents\simon\web page\resume\cv_files\filelist.xml --> www.users.freenetname.co.uk /public_html/resume/cv_files filelist.xml
1999.10.23 22:39 B e:\documents\simon\web page\resume\cv_files\header.htm --> www.users.freenetname.co.uk /public_html/resume/cv_files header.htm
1999.10.23 22:40 B e:\documents\simon\web page\resume\cv_files\image001.gif --> www.users.freenetname.co.uk /public_html/resume/cv_files image001.gif
1999.10.23 22:40 B e:\documents\simon\web page\resume\cv_files\image002.gif --> www.users.freenetname.co.uk /public_html/resume/cv_files image002.gif
2000.04.06 12:15 B c:\documents\Web Pages\webtest\resume\cv_files\filelist.xml --> www.users.freenetname.co.uk /public_html/resume/cv_files filelist.xml
2000.04.06 12:15 B c:\documents\Web Pages\webtest\resume\cv_files\header.htm --> www.users.freenetname.co.uk /public_html/resume/cv_files header.htm
2000.04.06 12:15 B c:\documents\Web Pages\webtest\resume\cv_files\image001.jpg --> www.users.freenetname.co.uk /public_html/resume/cv_files image001.jpg
2000.04.06 12:15 B c:\documents\Web Pages\webtest\resume\cv_files\image002.jpg --> www.users.freenetname.co.uk /public_html/resume/cv_files image002.jpg
2000.04.06 12:15 B c:\documents\Web Pages\webtest\resume\cv_files\WS_FTP.LOG --> www.users.freenetname.co.uk /public_html/resume/cv_files WS_FTP.LOG
2000.07.06 22:49 B p:\my documents\ashley\web pages\roman-empire\resume\cv_files\filelist.xml --> www.users.freenetname.co.uk /public_html/resume/cv_files filelist.xml
2000.07.06 22:49 B p:\my documents\ashley\web pages\roman-empire\resume\cv_files\header.htm --> www.users.freenetname.co.uk /public_html/resume/cv_files header.htm
2000.07.06 22:49 B p:\my documents\ashley\web pages\roman-empire\resume\cv_files\image001.jpg --> www.users.freenetname.co.uk /public_html/resume/cv_files image001.jpg
2000.07.06 22:56 B p:\my documents\ashley\web pages\roman-empire\resume\cv_files\image002.jpg --> www.users.freenetname.co.uk /public_html/resume/cv_files image002.jpg
2000.07.06 22:56 B p:\my documents\ashley\web pages\roman-empire\resume\cv_files\WS_FTP.LOG --> www.users.freenetname.co.uk /public_html/resume/cv_files WS_FTP.LOG
2000.07.09 18:56 B p:\my documents\ashley\web pages\roman-empire\resume\cv_files\WS_FTP.LOG --> www.users.freenetname.co.uk /public_html/resume/cv_files WS_FTP.LOG
2000.08.13 16:00 B p:\my documents\ashley\web pages\roman-empire\resume\cv_files\filelist.xml --> www.users.freenetname.co.uk /public_html/resume/cv_files filelist.xml
2000.08.13 16:00 B p:\my documents\ashley\web pages\roman-empire\resume\cv_files\header.htm --> www.users.freenetname.co.uk /public_html/resume/cv_files header.htm
2000.08.13 16:00 B p:\my documents\ashley\web pages\roman-empire\resume\cv_files\image001.jpg --> www.users.freenetname.co.uk /public_html/resume/cv_files image001.jpg
2000.08.13 16:00 B p:\my documents\ashley\web pages\roman-empire\resume\cv_files\image002.jpg --> www.users.freenetname.co.uk /public_html/resume/cv_files image002.jpg
2000.08.13 16:00 B p:\my documents\ashley\web pages\roman-empire\resume\cv_files\WS_FTP.LOG --> www.users.freenetname.co.uk /public_html/resume/cv_files WS_FTP.LOG
2001.01.11 10:17 B p:\my documents\ashley\web pages\roman-empire\resume\cv_files\filelist.xml --> www.users.freenetname.co.uk /public_html/resume/cv_files filelist.xml
2001.01.11 10:17 B p:\my documents\ashley\web pages\roman-empire\resume\cv_files\header.htm --> www.users.freenetname.co.uk /public_html/resume/cv_files header.htm
2001.01.11 10:17 B p:\my documents\ashley\web pages\roman-empire\resume\cv_files\image001.jpg --> www.users.freenetname.co.uk /public_html/resume/cv_files image001.jpg
2001.01.11 10:17 B p:\my documents\ashley\web pages\roman-empire\resume\cv_files\image002.jpg --> www.users.freenetname.co.uk /public_html/resume/cv_files image002.jpg
2001.01.11 10:17 B p:\my documents\ashley\web pages\roman-empire\resume\cv_files\WS_FTP.LOG --> www.users.freenetname.co.uk /public_html/resume/cv_files WS_FTP.LOG
2001.11.15 14:55 B p:\my documents\ashley\web pages\roman-empire\resume\cv_files\filelist.xml --> www.users.freenetname.co.uk /public_html/resume/cv_files filelist.xml
2001.11.15 14:55 B p:\my documents\ashley\web pages\roman-empire\resume\cv_files\header.htm --> www.users.freenetname.co.uk /public_html/resume/cv_files header.htm
2001.11.15 14:55 B p:\my documents\ashley\web pages\roman-empire\resume\cv_files\image001.jpg --> www.users.freenetname.co.uk /public_html/resume/cv_files image001.jpg
2001.11.15 14:55 B p:\my documents\ashley\web pages\roman-empire\resume\cv_files\image002.jpg --> www.users.freenetname.co.uk /public_html/resume/cv_files image002.jpg
2001.11.15 14:55 B p:\my documents\ashley\web pages\roman-empire\resume\cv_files\WS_FTP.LOG --> www.users.freenetname.co.uk /public_html/resume/cv_files WS_FTP.LOG
2006.10.21 13:25 B C:\Documents\Simon\Classics\roman-empire\resume\cv_files\filelist.xml --> www.romanempire.talktalk.net /resume/cv_files filelist.xml
2006.10.21 13:25 B C:\Documents\Simon\Classics\roman-empire\resume\cv_files\header.htm --> www.romanempire.talktalk.net /resume/cv_files header.htm
2006.10.21 13:25 B C:\Documents\Simon\Classics\roman-empire\resume\cv_files\image001.jpg --> www.romanempire.talktalk.net /resume/cv_files image001.jpg
