1999.10.16 17:45 B e:\documents\Simon\web page\resume\bbl.htm --> homepages.demon.co.uk /u/demon.co.uk/h/a/e/haeften/simon/resume bbl.htm
1999.10.16 23:06 B e:\documents\Simon\Web Page\resume\WS_FTP.LOG --> homepages.demon.co.uk /u/demon.co.uk/h/a/e/haeften/simon/resume WS_FTP.LOG
1999.10.17 13:49 B e:\documents\simon\Web Page\resume\bbl.htm --> upload.virginnet.co.uk /resume bbl.htm
1999.10.17 13:50 B e:\documents\simon\Web Page\resume\bbl.rtf --> upload.virginnet.co.uk /resume bbl.rtf
1999.10.17 13:51 B e:\documents\simon\Web Page\resume\cv.rtf --> upload.virginnet.co.uk /resume cv.rtf
1999.10.17 13:51 B e:\documents\simon\Web Page\resume\WS_FTP.LOG --> upload.virginnet.co.uk /resume WS_FTP.LOG
1999.10.23 15:42 B e:\documents\simon\web page\resume\bbl.htm --> www.users.freenetname.co.uk /public_html/resume bbl.htm
1999.10.23 15:42 B e:\documents\simon\web page\resume\bbl.rtf --> www.users.freenetname.co.uk /public_html/resume bbl.rtf
1999.10.23 15:42 B e:\documents\simon\web page\resume\cv.rtf --> www.users.freenetname.co.uk /public_html/resume cv.rtf
1999.10.23 15:42 B e:\documents\simon\web page\resume\WS_FTP.LOG --> www.users.freenetname.co.uk /public_html/resume WS_FTP.LOG
1999.10.23 22:40 B e:\documents\simon\web page\resume\cv.htm --> www.users.freenetname.co.uk /public_html/resume cv.htm
2000.03.07 19:23 B c:\documents\simon\Web Page\resume\bbl.htm --> upload.virginnet.co.uk /resume bbl.htm
2000.03.07 19:24 B c:\documents\simon\Web Page\resume\bbl.rtf --> upload.virginnet.co.uk /resume bbl.rtf
2000.03.07 19:25 B c:\documents\simon\Web Page\resume\cv.htm --> upload.virginnet.co.uk /resume cv.htm
2000.03.07 19:26 B c:\documents\simon\Web Page\resume\cv.rtf --> upload.virginnet.co.uk /resume cv.rtf
2000.03.08 18:48 B c:\documents\simon\web page\resume\bbl.htm --> www.users.freenetname.co.uk /public_html/resume bbl.htm
2000.03.08 18:48 B c:\documents\simon\web page\resume\cv.htm --> www.users.freenetname.co.uk /public_html/resume cv.htm
2000.03.08 18:49 B c:\documents\simon\web page\resume\cv.rtf --> www.users.freenetname.co.uk /public_html/resume cv.rtf
2000.04.06 12:15 B c:\documents\Web Pages\webtest\resume\bbl.htm --> www.users.freenetname.co.uk /public_html/resume bbl.htm
2000.04.06 12:15 B c:\documents\Web Pages\webtest\resume\bbl.rtf --> www.users.freenetname.co.uk /public_html/resume bbl.rtf
2000.04.06 12:15 B c:\documents\Web Pages\webtest\resume\cv.htm --> www.users.freenetname.co.uk /public_html/resume cv.htm
2000.04.06 12:15 B c:\documents\Web Pages\webtest\resume\cv.rtf --> www.users.freenetname.co.uk /public_html/resume cv.rtf
2000.04.06 12:15 B c:\documents\Web Pages\webtest\resume\WS_FTP.LOG --> www.users.freenetname.co.uk /public_html/resume WS_FTP.LOG
2000.07.09 18:56 B p:\my documents\ashley\web pages\roman-empire\resume\cv.htm --> www.users.freenetname.co.uk /public_html/resume cv.htm
2000.08.13 16:00 B p:\my documents\ashley\web pages\roman-empire\resume\cv.htm --> www.users.freenetname.co.uk /public_html/resume cv.htm
2000.08.13 16:00 B p:\my documents\ashley\web pages\roman-empire\resume\old bbl.htm --> www.users.freenetname.co.uk /public_html/resume old bbl.htm
2000.08.13 16:00 B p:\my documents\ashley\web pages\roman-empire\resume\old bbl.rtf --> www.users.freenetname.co.uk /public_html/resume old bbl.rtf
2000.08.13 16:00 B p:\my documents\ashley\web pages\roman-empire\resume\WS_FTP.LOG --> www.users.freenetname.co.uk /public_html/resume WS_FTP.LOG
2001.01.11 10:17 B p:\my documents\ashley\web pages\roman-empire\resume\cv.htm --> www.users.freenetname.co.uk /public_html/resume cv.htm
2001.01.11 10:17 B p:\my documents\ashley\web pages\roman-empire\resume\WS_FTP.LOG --> www.users.freenetname.co.uk /public_html/resume WS_FTP.LOG
2001.11.15 14:55 B p:\my documents\ashley\web pages\roman-empire\resume\cv.htm --> www.users.freenetname.co.uk /public_html/resume cv.htm
2001.11.15 14:55 B p:\my documents\ashley\web pages\roman-empire\resume\WS_FTP.LOG --> www.users.freenetname.co.uk /public_html/resume WS_FTP.LOG
2002.01.31 12:58 A P:\My Documents\Web\roman-empire\resume\cv.htm --> www.users.freenetname.co.uk /public_html/resume cv.htm
2006.10.21 13:25 B C:\Documents\Simon\Classics\roman-empire\resume\bbl.htm.old --> www.romanempire.talktalk.net /resume bbl.htm.old
2006.10.21 13:25 B C:\Documents\Simon\Classics\roman-empire\resume\bbl.rtf --> www.romanempire.talktalk.net /resume bbl.rtf
2006.10.21 13:25 B C:\Documents\Simon\Classics\roman-empire\resume\cv.htm --> www.romanempire.talktalk.net /resume cv.htm
2006.10.21 13:25 B C:\Documents\Simon\Classics\roman-empire\resume\cv.htm.old.htm --> www.romanempire.talktalk.net /resume cv.htm.old.htm
2006.10.21 13:25 B C:\Documents\Simon\Classics\roman-empire\resume\cv.rtf --> www.romanempire.talktalk.net /resume cv.rtf
2006.10.21 13:25 B C:\Documents\Simon\Classics\roman-empire\resume\cv2006old.htm --> www.romanempire.talktalk.net /resume cv2006old.htm
2006.10.21 13:25 B C:\Documents\Simon\Classics\roman-empire\resume\old bbl.htm --> www.romanempire.talktalk.net /resume old bbl.htm
2006.10.21 13:25 B C:\Documents\Simon\Classics\roman-empire\resume\old bbl.rtf --> www.romanempire.talktalk.net /resume old bbl.rtf
