1999.10.16 17:44 B e:\documents\Simon\web page\resume\bbl_files\filelist.xml --> homepages.demon.co.uk /u/demon.co.uk/h/a/e/haeften/simon/resume/bbl_files filelist.xml
1999.10.16 17:44 B e:\documents\Simon\web page\resume\bbl_files\image001.jpg --> homepages.demon.co.uk /u/demon.co.uk/h/a/e/haeften/simon/resume/bbl_files image001.jpg
1999.10.16 17:44 B e:\documents\Simon\web page\resume\bbl_files\image002.jpg --> homepages.demon.co.uk /u/demon.co.uk/h/a/e/haeften/simon/resume/bbl_files image002.jpg
1999.10.16 17:44 B e:\documents\Simon\web page\resume\bbl_files\image003.wmz --> homepages.demon.co.uk /u/demon.co.uk/h/a/e/haeften/simon/resume/bbl_files image003.wmz
1999.10.16 17:44 B e:\documents\Simon\web page\resume\bbl_files\image004.gif --> homepages.demon.co.uk /u/demon.co.uk/h/a/e/haeften/simon/resume/bbl_files image004.gif
1999.10.16 17:44 B e:\documents\Simon\web page\resume\bbl_files\oledata.mso --> homepages.demon.co.uk /u/demon.co.uk/h/a/e/haeften/simon/resume/bbl_files oledata.mso
1999.10.16 23:06 B e:\documents\Simon\Web Page\resume\bbl_files\WS_FTP.LOG --> homepages.demon.co.uk /u/demon.co.uk/h/a/e/haeften/simon/resume/bbl_files WS_FTP.LOG
1999.10.17 13:41 B e:\documents\simon\Web Page\resume\bbl_files\filelist.xml --> upload.virginnet.co.uk /resume/bbl_files filelist.xml
1999.10.17 13:42 B e:\documents\simon\Web Page\resume\bbl_files\image001.jpg --> upload.virginnet.co.uk /resume/bbl_files image001.jpg
1999.10.17 13:43 B e:\documents\simon\Web Page\resume\bbl_files\image002.jpg --> upload.virginnet.co.uk /resume/bbl_files image002.jpg
1999.10.17 13:44 B e:\documents\simon\Web Page\resume\bbl_files\image003.wmz --> upload.virginnet.co.uk /resume/bbl_files image003.wmz
1999.10.17 13:45 B e:\documents\simon\Web Page\resume\bbl_files\image004.gif --> upload.virginnet.co.uk /resume/bbl_files image004.gif
1999.10.17 13:45 B e:\documents\simon\Web Page\resume\bbl_files\oledata.mso --> upload.virginnet.co.uk /resume/bbl_files oledata.mso
1999.10.17 13:46 B e:\documents\simon\Web Page\resume\bbl_files\WS_FTP.LOG --> upload.virginnet.co.uk /resume/bbl_files WS_FTP.LOG
1999.10.23 15:42 B e:\documents\simon\web page\resume\bbl_files\filelist.xml --> www.users.freenetname.co.uk /public_html/resume/bbl_files filelist.xml
1999.10.23 15:42 B e:\documents\simon\web page\resume\bbl_files\image001.jpg --> www.users.freenetname.co.uk /public_html/resume/bbl_files image001.jpg
1999.10.23 15:42 B e:\documents\simon\web page\resume\bbl_files\image002.jpg --> www.users.freenetname.co.uk /public_html/resume/bbl_files image002.jpg
1999.10.23 15:42 B e:\documents\simon\web page\resume\bbl_files\image003.wmz --> www.users.freenetname.co.uk /public_html/resume/bbl_files image003.wmz
1999.10.23 15:42 B e:\documents\simon\web page\resume\bbl_files\image004.gif --> www.users.freenetname.co.uk /public_html/resume/bbl_files image004.gif
1999.10.23 15:42 B e:\documents\simon\web page\resume\bbl_files\oledata.mso --> www.users.freenetname.co.uk /public_html/resume/bbl_files oledata.mso
1999.10.23 15:42 B e:\documents\simon\web page\resume\bbl_files\WS_FTP.LOG --> www.users.freenetname.co.uk /public_html/resume/bbl_files WS_FTP.LOG
2000.04.06 12:14 B c:\documents\Web Pages\webtest\resume\bbl_files\filelist.xml --> www.users.freenetname.co.uk /public_html/resume/bbl_files filelist.xml
2000.04.06 12:14 B c:\documents\Web Pages\webtest\resume\bbl_files\image001.jpg --> www.users.freenetname.co.uk /public_html/resume/bbl_files image001.jpg
2000.04.06 12:14 B c:\documents\Web Pages\webtest\resume\bbl_files\image002.jpg --> www.users.freenetname.co.uk /public_html/resume/bbl_files image002.jpg
2000.04.06 12:15 B c:\documents\Web Pages\webtest\resume\bbl_files\image003.wmz --> www.users.freenetname.co.uk /public_html/resume/bbl_files image003.wmz
2000.04.06 12:15 B c:\documents\Web Pages\webtest\resume\bbl_files\image004.gif --> www.users.freenetname.co.uk /public_html/resume/bbl_files image004.gif
2000.04.06 12:15 B c:\documents\Web Pages\webtest\resume\bbl_files\oledata.mso --> www.users.freenetname.co.uk /public_html/resume/bbl_files oledata.mso
2000.04.06 12:15 B c:\documents\Web Pages\webtest\resume\bbl_files\WS_FTP.LOG --> www.users.freenetname.co.uk /public_html/resume/bbl_files WS_FTP.LOG
2001.01.11 10:17 B p:\my documents\ashley\web pages\roman-empire\resume\bbl_files\WS_FTP.LOG --> www.users.freenetname.co.uk /public_html/resume/bbl_files WS_FTP.LOG
2001.11.15 14:55 B p:\my documents\ashley\web pages\roman-empire\resume\bbl_files\WS_FTP.LOG --> www.users.freenetname.co.uk /public_html/resume/bbl_files WS_FTP.LOG
2006.10.21 13:24 B C:\Documents\Simon\Classics\roman-empire\resume\bbl_files\filelist.xml --> www.romanempire.talktalk.net /resume/bbl_files filelist.xml
2006.10.21 13:24 B C:\Documents\Simon\Classics\roman-empire\resume\bbl_files\image001.jpg --> www.romanempire.talktalk.net /resume/bbl_files image001.jpg
2006.10.21 13:25 B C:\Documents\Simon\Classics\roman-empire\resume\bbl_files\image002.jpg --> www.romanempire.talktalk.net /resume/bbl_files image002.jpg
2006.10.21 13:25 B C:\Documents\Simon\Classics\roman-empire\resume\bbl_files\image003.wmz --> www.romanempire.talktalk.net /resume/bbl_files image003.wmz
2006.10.21 13:25 B C:\Documents\Simon\Classics\roman-empire\resume\bbl_files\image004.gif --> www.romanempire.talktalk.net /resume/bbl_files image004.gif
2006.10.21 13:25 B C:\Documents\Simon\Classics\roman-empire\resume\bbl_files\oledata.mso --> www.romanempire.talktalk.net /resume/bbl_files oledata.mso
