2000.04.06 12:12 B c:\documents\Web Pages\webtest\index_files\image001.jpg --> www.users.freenetname.co.uk /public_html/index_files image001.jpg
2000.04.06 12:12 B c:\documents\Web Pages\webtest\index_files\image002.jpg --> www.users.freenetname.co.uk /public_html/index_files image002.jpg
2000.04.06 12:12 B c:\documents\Web Pages\webtest\index_files\image003.wmz --> www.users.freenetname.co.uk /public_html/index_files image003.wmz
2000.04.06 12:12 B c:\documents\Web Pages\webtest\index_files\image004.gif --> www.users.freenetname.co.uk /public_html/index_files image004.gif
2000.04.06 12:12 B c:\documents\Web Pages\webtest\index_files\image005.wmz --> www.users.freenetname.co.uk /public_html/index_files image005.wmz
2000.04.06 12:12 B c:\documents\Web Pages\webtest\index_files\image006.gif --> www.users.freenetname.co.uk /public_html/index_files image006.gif
2000.04.06 12:12 B c:\documents\Web Pages\webtest\index_files\image007.wmz --> www.users.freenetname.co.uk /public_html/index_files image007.wmz
2000.04.06 12:12 B c:\documents\Web Pages\webtest\index_files\image008.gif --> www.users.freenetname.co.uk /public_html/index_files image008.gif
2000.04.06 12:12 B c:\documents\Web Pages\webtest\index_files\image009.jpg --> www.users.freenetname.co.uk /public_html/index_files image009.jpg
2000.07.06 22:03 B p:\My Documents\Ashley\Web Pages\roman-empire\index_files\marble.jpg --> www.users.freenetname.co.uk /public_html/index_files marble.jpg
2000.07.06 22:03 B p:\My Documents\Ashley\Web Pages\roman-empire\index_files\WS_FTP.LOG --> www.users.freenetname.co.uk /public_html/index_files WS_FTP.LOG
2000.07.09 18:57 B p:\my documents\ashley\web pages\roman-empire\index_files\WS_FTP.LOG --> www.users.freenetname.co.uk /public_html/index_files WS_FTP.LOG
2000.12.07 23:57 B p:\my documents\ashley\web pages\roman-empire\index_files\image001.jpg --> www.users.freenetname.co.uk /public_html/index_files image001.jpg
2000.12.07 23:57 B p:\my documents\ashley\web pages\roman-empire\index_files\image002.jpg --> www.users.freenetname.co.uk /public_html/index_files image002.jpg
2000.12.07 23:58 B p:\my documents\ashley\web pages\roman-empire\index_files\image003.wmz --> www.users.freenetname.co.uk /public_html/index_files image003.wmz
2000.12.07 23:58 B p:\my documents\ashley\web pages\roman-empire\index_files\image004.gif --> www.users.freenetname.co.uk /public_html/index_files image004.gif
2000.12.07 23:58 B p:\my documents\ashley\web pages\roman-empire\index_files\image005.wmz --> www.users.freenetname.co.uk /public_html/index_files image005.wmz
2000.12.07 23:58 B p:\my documents\ashley\web pages\roman-empire\index_files\image006.gif --> www.users.freenetname.co.uk /public_html/index_files image006.gif
2000.12.07 23:58 B p:\my documents\ashley\web pages\roman-empire\index_files\image007.wmz --> www.users.freenetname.co.uk /public_html/index_files image007.wmz
2000.12.07 23:58 B p:\my documents\ashley\web pages\roman-empire\index_files\image008.gif --> www.users.freenetname.co.uk /public_html/index_files image008.gif
2000.12.07 23:58 B p:\my documents\ashley\web pages\roman-empire\index_files\image009.jpg --> www.users.freenetname.co.uk /public_html/index_files image009.jpg
2000.12.07 23:58 B p:\my documents\ashley\web pages\roman-empire\index_files\lyre.gif --> www.users.freenetname.co.uk /public_html/index_files lyre.gif
2000.12.07 23:58 B p:\my documents\ashley\web pages\roman-empire\index_files\WS_FTP.LOG --> www.users.freenetname.co.uk /public_html/index_files WS_FTP.LOG
2006.10.21 13:24 B C:\Documents\Simon\Classics\roman-empire\index_files\image001.jpg --> www.romanempire.talktalk.net /index_files image001.jpg
2006.10.21 13:24 B C:\Documents\Simon\Classics\roman-empire\index_files\image002.jpg --> www.romanempire.talktalk.net /index_files image002.jpg
2006.10.21 13:24 B C:\Documents\Simon\Classics\roman-empire\index_files\image003.wmz --> www.romanempire.talktalk.net /index_files image003.wmz
2006.10.21 13:24 B C:\Documents\Simon\Classics\roman-empire\index_files\image004.gif --> www.romanempire.talktalk.net /index_files image004.gif
2006.10.21 13:24 B C:\Documents\Simon\Classics\roman-empire\index_files\image005.wmz --> www.romanempire.talktalk.net /index_files image005.wmz
2006.10.21 13:24 B C:\Documents\Simon\Classics\roman-empire\index_files\image006.gif --> www.romanempire.talktalk.net /index_files image006.gif
2006.10.21 13:24 B C:\Documents\Simon\Classics\roman-empire\index_files\image007.wmz --> www.romanempire.talktalk.net /index_files image007.wmz
2006.10.21 13:24 B C:\Documents\Simon\Classics\roman-empire\index_files\image008.gif --> www.romanempire.talktalk.net /index_files image008.gif
2006.10.21 13:24 B C:\Documents\Simon\Classics\roman-empire\index_files\image009.jpg --> www.romanempire.talktalk.net /index_files image009.jpg
2006.10.21 13:24 B C:\Documents\Simon\Classics\roman-empire\index_files\lyre.gif --> www.romanempire.talktalk.net /index_files lyre.gif
2006.10.21 13:24 B C:\Documents\Simon\Classics\roman-empire\index_files\marble.jpg --> www.romanempire.talktalk.net /index_files marble.jpg
